Using pre-set license
Built from '2020.3/release' branch; Version is '2020.3.2f1 (8fd9074bf66c) revision 9427207'; Using compiler version '192528614'; Build Type 'Release'
OS: 'Windows 10 Home Single Language; OS build 19042.867; Version 2009; 64bit' Language: 'en' Physical Memory: 8079 MB
BatchMode: 1, IsHumanControllingUs: 0, StartBugReporterOnCrash: 0, Is64bit: 1, IsPro: 0

 COMMAND LINE ARGUMENTS:
C:\Program Files\Unity\Hub\Editor\2020.3.2f1\Editor\Unity.exe
-adb2
-batchMode
-noUpm
-name
AssetImportWorker17
-projectPath
C:/Users/SAAD/Documents/Unity/Projects/AR-Samples/AR-Samples-v2
-logFile
Logs/AssetImportWorker17.log
-srvPort
51859
Successfully changed project path to: C:/Users/SAAD/Documents/Unity/Projects/AR-Samples/AR-Samples-v2
C:/Users/SAAD/Documents/Unity/Projects/AR-Samples/AR-Samples-v2
Using Asset Import Pipeline V2.
Refreshing native plugins compatible for Editor in 173.55 ms, found 0 plugins.
Preloading 0 native plugins for Editor in 0.00 ms.
Initialize engine version: 2020.3.2f1 (8fd9074bf66c)
[Subsystems] Discovering subsystems at path C:/Program Files/Unity/Hub/Editor/2020.3.2f1/Editor/Data/Resources/UnitySubsystems
[Subsystems] Discovering subsystems at path C:/Users/SAAD/Documents/Unity/Projects/AR-Samples/AR-Samples-v2/Assets
GfxDevice: creating device client; threaded=0
Direct3D:
    Version:  Direct3D 11.0 [level 11.1]
    Renderer: AMD Radeon (TM) HD 8500M/8700M (ID=0x6601)
    Vendor:   
    VRAM:     2028 MB
    Driver:   27.20.1034.6
Shader 'Universal Render Pipeline/Particles/Lit': fallback shader 'Universal Render Pipeline/Particles/SimpleLit' not found
Initialize mono
Mono path[0] = 'C:/Program Files/Unity/Hub/Editor/2020.3.2f1/Editor/Data/Managed'
Mono path[1] = 'C:/Program Files/Unity/Hub/Editor/2020.3.2f1/Editor/Data/MonoBleedingEdge/lib/mono/unityjit'
Mono config path = 'C:/Program Files/Unity/Hub/Editor/2020.3.2f1/Editor/Data/MonoBleedingEdge/etc'
Using monoOptions --debugger-agent=transport=dt_socket,embedding=1,server=y,suspend=n,address=127.0.0.1:56136
Begin MonoManager ReloadAssembly
Registering precompiled unity dll's ...
Register platform support module: C:/Program Files/Unity/Hub/Editor/2020.3.2f1/Editor/Data/PlaybackEngines/WindowsStandaloneSupport/UnityEditor.WindowsStandalone.Extensions.dll
Registered in 0.005118 seconds.
Native extension for WindowsStandalone target not found
Refreshing native plugins compatible for Editor in 127.78 ms, found 0 plugins.
Preloading 0 native plugins for Editor in 0.00 ms.
Invoked RoslynAnalysisRunner static constructor.
RoslynAnalysisRunner will not be running.
RoslynAnalysisRunner has terminated.
Mono: successfully reloaded assembly
- Completed reload, in  4.487 seconds
Platform modules already initialized, skipping
Registering precompiled user dll's ...
Registered in 0.005897 seconds.
Begin MonoManager ReloadAssembly
Native extension for WindowsStandalone target not found
Refreshing native plugins compatible for Editor in 158.11 ms, found 0 plugins.
Preloading 0 native plugins for Editor in 0.00 ms.
Invoked RoslynAnalysisRunner static constructor.
RoslynAnalysisRunner will not be running.
RoslynAnalysisRunner has terminated.
Mono: successfully reloaded assembly
- Completed reload, in  3.314 seconds
Platform modules already initialized, skipping
========================================================================
Worker process is ready to serve import requests
Shader 'Universal Render Pipeline/Particles/Lit': fallback shader 'Universal Render Pipeline/Particles/SimpleLit' not found
Launched and connected shader compiler UnityShaderCompiler.exe after 0.60 seconds
Refreshing native plugins compatible for Editor in 1.14 ms, found 0 plugins.
Preloading 0 native plugins for Editor in 0.00 ms.
Unloading 3256 Unused Serialized files (Serialized files now loaded: 0)
System memory in use before: 143.0 MB.
System memory in use after: 143.1 MB.

Unloading 15 unused Assets to reduce memory usage. Loaded Objects now: 3706.
Total: 7.855300 ms (FindLiveObjects: 0.598900 ms CreateObjectMapping: 0.489600 ms MarkObjects: 6.470500 ms  DeleteObjects: 0.293300 ms)

========================================================================
Received Import Request.
  path: Assets/Scenes/001 Jenga/000_MainMenu.unity
  artifactKey: Guid(db98498df347e15448cd7179ed16529e) Importer(815301076,1909f56bfc062723c751e8b465ee728b)
Start importing Assets/Scenes/001 Jenga/000_MainMenu.unity using Guid(db98498df347e15448cd7179ed16529e) Importer(815301076,1909f56bfc062723c751e8b465ee728b)  -> (artifact id: '40b40c0590e5631c0fbc41840c4b09d3') in 0.189135 seconds
  Import took 0.325533 seconds .

========================================================================
Received Prepare
Shader 'Universal Render Pipeline/Particles/Lit': fallback shader 'Universal Render Pipeline/Particles/SimpleLit' not found
Refreshing native plugins compatible for Editor in 3.79 ms, found 0 plugins.
Preloading 0 native plugins for Editor in 0.00 ms.
Unloading 5 Unused Serialized files (Serialized files now loaded: 0)
System memory in use before: 72.7 MB.
System memory in use after: 72.9 MB.

Unloading 5 unused Assets to reduce memory usage. Loaded Objects now: 3706.
Total: 12.931900 ms (FindLiveObjects: 0.835200 ms CreateObjectMapping: 0.441800 ms MarkObjects: 11.349900 ms  DeleteObjects: 0.301300 ms)

========================================================================
Received Import Request.
  Time since last request: 1922.873145 seconds.
  path: Assets/Scenes/001 Jenga/001_Jenga.unity
  artifactKey: Guid(fc4ed8c98ce1b724f955b4ff4d893038) Importer(815301076,1909f56bfc062723c751e8b465ee728b)
Start importing Assets/Scenes/001 Jenga/001_Jenga.unity using Guid(fc4ed8c98ce1b724f955b4ff4d893038) Importer(815301076,1909f56bfc062723c751e8b465ee728b)  -> (artifact id: '5ce904c4144963a89d657671ef93b830') in 0.087802 seconds
  Import took 0.154104 seconds .

========================================================================
Received Prepare
Registering precompiled user dll's ...
Registered in 0.003957 seconds.
Begin MonoManager ReloadAssembly
Native extension for WindowsStandalone target not found
Refreshing native plugins compatible for Editor in 0.85 ms, found 0 plugins.
Preloading 0 native plugins for Editor in 0.00 ms.
Invoked RoslynAnalysisRunner static constructor.
RoslynAnalysisRunner will not be running.
RoslynAnalysisRunner has terminated.
Mono: successfully reloaded assembly
- Completed reload, in  2.672 seconds
Platform modules already initialized, skipping
Switching build target platform(5) subTarget(0) extendedPlatform(0) -> platform(13) subTarget(524288) extendedPlatform(0)
Shader 'Universal Render Pipeline/Particles/Lit': fallback shader 'Universal Render Pipeline/Particles/SimpleLit' not found
Refreshing native plugins compatible for Editor in 0.99 ms, found 0 plugins.
Preloading 0 native plugins for Editor in 0.00 ms.
Unloading 3133 Unused Serialized files (Serialized files now loaded: 0)
System memory in use before: 133.0 MB.
System memory in use after: 133.2 MB.

Unloading 8 unused Assets to reduce memory usage. Loaded Objects now: 3712.
Total: 4.710200 ms (FindLiveObjects: 0.515700 ms CreateObjectMapping: 0.219200 ms MarkObjects: 3.762800 ms  DeleteObjects: 0.209900 ms)

AssetImportParameters requested are different than current active one (requested -> active):
  custom:graphics/normal-map-encoding: 01000000000000000000000000000000 -> 02000000000000000000000000000000
========================================================================
Received Import Request.
  Time since last request: 802.361559 seconds.
  path: Assets/XR/Loaders/AR Core Loader.asset
  artifactKey: Guid(15ef47827a0af7c4cb7d95d6c2b2c7fb) Importer(815301076,1909f56bfc062723c751e8b465ee728b)
Start importing Assets/XR/Loaders/AR Core Loader.asset using Guid(15ef47827a0af7c4cb7d95d6c2b2c7fb) Importer(815301076,1909f56bfc062723c751e8b465ee728b)  -> (artifact id: 'aa9966436b464104284d585184ad09d4') in 0.579941 seconds
  Import took 0.679666 seconds .

========================================================================
Received Import Request.
  Time since last request: 0.000488 seconds.
  path: Assets/Scenes/001 Jenga/Models/blockMat.mat
  artifactKey: Guid(f6d83b44be3e79d449616e3f028ec947) Importer(815301076,1909f56bfc062723c751e8b465ee728b)
Start importing Assets/Scenes/001 Jenga/Models/blockMat.mat using Guid(f6d83b44be3e79d449616e3f028ec947) Importer(815301076,1909f56bfc062723c751e8b465ee728b)  -> (artifact id: 'e758f157a5e6900baa38dcd98a3e7d78') in 9.474393 seconds
  Import took 9.569377 seconds .

========================================================================
Received Import Request.
  Time since last request: 0.000389 seconds.
  path: Assets/TextMesh Pro/Resources/Fonts & Materials/LiberationSans SDF - Outline.mat
  artifactKey: Guid(79459efec17a4d00a321bdcc27bbc385) Importer(815301076,1909f56bfc062723c751e8b465ee728b)
Start importing Assets/TextMesh Pro/Resources/Fonts & Materials/LiberationSans SDF - Outline.mat using Guid(79459efec17a4d00a321bdcc27bbc385) Importer(815301076,1909f56bfc062723c751e8b465ee728b)  -> (artifact id: 'd1cce8059cf67eb61263e69d529ab07f') in 0.731071 seconds
  Import took 0.804799 seconds .

========================================================================
Received Import Request.
  Time since last request: 0.000511 seconds.
  path: Assets/Settings/URP_Asset.asset
  artifactKey: Guid(b007dd26b10ddfa4893b561c9822b3fa) Importer(815301076,1909f56bfc062723c751e8b465ee728b)
Start importing Assets/Settings/URP_Asset.asset using Guid(b007dd26b10ddfa4893b561c9822b3fa) Importer(815301076,1909f56bfc062723c751e8b465ee728b)  -> (artifact id: '1d209994b6596d0c49d13ed25cf38ca5') in 0.118767 seconds
  Import took 0.257861 seconds .

========================================================================
Received Import Request.
  Time since last request: 0.000583 seconds.
  path: Assets/XR/Settings/Sample Settings.asset
  artifactKey: Guid(9788b27bb468e78458a124adf987fc31) Importer(815301076,1909f56bfc062723c751e8b465ee728b)
Start importing Assets/XR/Settings/Sample Settings.asset using Guid(9788b27bb468e78458a124adf987fc31) Importer(815301076,1909f56bfc062723c751e8b465ee728b)  -> (artifact id: '92f1b181cd723aca1fb2639f9b0099cf') in 0.079581 seconds
  Import took 0.156439 seconds .

========================================================================
Received Import Request.
  Time since last request: 0.000337 seconds.
  path: Assets/Scenes/001 Jenga/Models/blocks1.fbx
  artifactKey: Guid(06eb0b49dd13bea4eb50838739aaf0b8) Importer(815301076,1909f56bfc062723c751e8b465ee728b)
Start importing Assets/Scenes/001 Jenga/Models/blocks1.fbx using Guid(06eb0b49dd13bea4eb50838739aaf0b8) Importer(815301076,1909f56bfc062723c751e8b465ee728b)  -> (artifact id: '46a17207b69c725442a9839b7dcb0b0d') in 3.501452 seconds
  Import took 3.559802 seconds .

========================================================================
Received Import Request.
  Time since last request: 0.000351 seconds.
  path: Assets/XR/Settings/AR Core Loader Settings.asset
  artifactKey: Guid(02b9655c01bff4f4c88b80f4903e7f25) Importer(815301076,1909f56bfc062723c751e8b465ee728b)
Start importing Assets/XR/Settings/AR Core Loader Settings.asset using Guid(02b9655c01bff4f4c88b80f4903e7f25) Importer(815301076,1909f56bfc062723c751e8b465ee728b)  -> (artifact id: 'bc1c396bb5b0a9ba1addad8b05c94a00') in 0.049936 seconds
  Import took 0.132657 seconds .

========================================================================
Received Import Request.
  Time since last request: 0.000423 seconds.
  path: Assets/TextMesh Pro/Resources/Style Sheets/Default Style Sheet.asset
  artifactKey: Guid(f952c082cb03451daed3ee968ac6c63e) Importer(815301076,1909f56bfc062723c751e8b465ee728b)
Start importing Assets/TextMesh Pro/Resources/Style Sheets/Default Style Sheet.asset using Guid(f952c082cb03451daed3ee968ac6c63e) Importer(815301076,1909f56bfc062723c751e8b465ee728b)  -> (artifact id: 'd517f6746e52f47475e1307daa8f773f') in 0.086186 seconds
  Import took 0.185111 seconds .

========================================================================
Received Import Request.
  Time since last request: 0.000422 seconds.
  path: Assets/TextMesh Pro/Sprites/EmojiOne.png
  artifactKey: Guid(dffef66376be4fa480fb02b19edbe903) Importer(815301076,1909f56bfc062723c751e8b465ee728b)
Start importing Assets/TextMesh Pro/Sprites/EmojiOne.png using Guid(dffef66376be4fa480fb02b19edbe903) Importer(815301076,1909f56bfc062723c751e8b465ee728b)  -> (artifact id: '006e644360c400560a49ae0953ef14c4') in 0.598124 seconds
  Import took 0.635756 seconds .

========================================================================
Received Import Request.
  Time since last request: 0.000611 seconds.
  path: Assets/TextMesh Pro/Resources/TMP Settings.asset
  artifactKey: Guid(3f5b5dff67a942289a9defa416b206f3) Importer(815301076,1909f56bfc062723c751e8b465ee728b)
Start importing Assets/TextMesh Pro/Resources/TMP Settings.asset using Guid(3f5b5dff67a942289a9defa416b206f3) Importer(815301076,1909f56bfc062723c751e8b465ee728b)  -> (artifact id: 'b1145d01e476bf61eda6eae2fe0929cf') in 0.350584 seconds
  Import took 0.421624 seconds .

========================================================================
Received Import Request.
  Time since last request: 0.000393 seconds.
  path: Assets/TextMesh Pro/Resources/Fonts & Materials/LiberationSans SDF - Fallback.asset
  artifactKey: Guid(2e498d1c8094910479dc3e1b768306a4) Importer(815301076,1909f56bfc062723c751e8b465ee728b)
Start importing Assets/TextMesh Pro/Resources/Fonts & Materials/LiberationSans SDF - Fallback.asset using Guid(2e498d1c8094910479dc3e1b768306a4) Importer(815301076,1909f56bfc062723c751e8b465ee728b)  -> (artifact id: 'd0869310350246e81012d52eba29bfeb') in 0.298925 seconds
  Import took 0.308821 seconds .

========================================================================
Received Import Request.
  Time since last request: 0.000401 seconds.
  path: Assets/TextMesh Pro/Fonts/LiberationSans.ttf
  artifactKey: Guid(e3265ab4bf004d28a9537516768c1c75) Importer(815301076,1909f56bfc062723c751e8b465ee728b)
Start importing Assets/TextMesh Pro/Fonts/LiberationSans.ttf using Guid(e3265ab4bf004d28a9537516768c1c75) Importer(815301076,1909f56bfc062723c751e8b465ee728b)  -> (artifact id: '34d8694fe8194e6204f1df79f3e8cba2') in 0.394370 seconds
  Import took 0.472375 seconds .

========================================================================
Received Import Request.
  Time since last request: 0.000413 seconds.
  path: Assets/TextMesh Pro/Resources/Fonts & Materials/LiberationSans SDF - Drop Shadow.mat
  artifactKey: Guid(e73a58f6e2794ae7b1b7e50b7fb811b0) Importer(815301076,1909f56bfc062723c751e8b465ee728b)
Start importing Assets/TextMesh Pro/Resources/Fonts & Materials/LiberationSans SDF - Drop Shadow.mat using Guid(e73a58f6e2794ae7b1b7e50b7fb811b0) Importer(815301076,1909f56bfc062723c751e8b465ee728b)  -> (artifact id: '995c7895b64c039bd0b9632503502190') in 0.475295 seconds
  Import took 0.547343 seconds .

========================================================================
Received Import Request.
  Time since last request: 0.000487 seconds.
  path: Assets/Scenes/001 Jenga/Models/blocks1.blend
  artifactKey: Guid(8e17128ec20fac6448e313540787c00d) Importer(815301076,1909f56bfc062723c751e8b465ee728b)
Start importing Assets/Scenes/001 Jenga/Models/blocks1.blend using Guid(8e17128ec20fac6448e313540787c00d) Importer(815301076,1909f56bfc062723c751e8b465ee728b)  -> (artifact id: '94a7b61dfcfb90b4f7b2a75da3340e5d') in 4.182709 seconds
  Import took 4.360455 seconds .

========================================================================
Received Import Request.
  Time since last request: 0.000398 seconds.
  path: Assets/Scenes/001 Jenga/Prefabs/AR Default Plane.prefab
  artifactKey: Guid(ee2415f9599843b469ff8ab2f4863876) Importer(815301076,1909f56bfc062723c751e8b465ee728b)
Start importing Assets/Scenes/001 Jenga/Prefabs/AR Default Plane.prefab using Guid(ee2415f9599843b469ff8ab2f4863876) Importer(815301076,1909f56bfc062723c751e8b465ee728b)  -> (artifact id: '4f202f4de24431fde1e2047038052bf0') in 0.097429 seconds
  Import took 0.147918 seconds .

========================================================================
Received Import Request.
  Time since last request: 0.000632 seconds.
  path: Assets/TextMesh Pro/Resources/Fonts & Materials/LiberationSans SDF.asset
  artifactKey: Guid(8f586378b4e144a9851e7b34d9b748ee) Importer(815301076,1909f56bfc062723c751e8b465ee728b)
Start importing Assets/TextMesh Pro/Resources/Fonts & Materials/LiberationSans SDF.asset using Guid(8f586378b4e144a9851e7b34d9b748ee) Importer(815301076,1909f56bfc062723c751e8b465ee728b)  -> (artifact id: 'd38aec62f9814174cfd8bfba1eeabefb') in 0.292382 seconds
  Import took 0.365966 seconds .

========================================================================
Received Import Request.
  Time since last request: 0.000848 seconds.
  path: Assets/TextMesh Pro/Resources/Sprite Assets/EmojiOne.asset
  artifactKey: Guid(c41005c129ba4d66911b75229fd70b45) Importer(815301076,1909f56bfc062723c751e8b465ee728b)
Start importing Assets/TextMesh Pro/Resources/Sprite Assets/EmojiOne.asset using Guid(c41005c129ba4d66911b75229fd70b45) Importer(815301076,1909f56bfc062723c751e8b465ee728b)  -> (artifact id: 'a018ab46941ed4394e25ae0b5e9283e3') in 0.030787 seconds
  Import took 0.087037 seconds .

========================================================================
Received Import Request.
  Time since last request: 0.000681 seconds.
  path: Assets/Scenes/001 Jenga/Textures/TexturesCom_WoodFine0018_seamless_S.jpg
  artifactKey: Guid(8de8a41283ddb66488a4efbf95d496e8) Importer(815301076,1909f56bfc062723c751e8b465ee728b)
Start importing Assets/Scenes/001 Jenga/Textures/TexturesCom_WoodFine0018_seamless_S.jpg using Guid(8de8a41283ddb66488a4efbf95d496e8) Importer(815301076,1909f56bfc062723c751e8b465ee728b)  -> (artifact id: 'cc95fc19f2aaadbc7ed698f3c2356cac') in 0.152995 seconds
  Import took 0.206825 seconds .

========================================================================
Received Import Request.
  Time since last request: 0.000405 seconds.
  path: Assets/XR/Loaders/Sample Loader.asset
  artifactKey: Guid(99df902bc5ccf9a42b9c2f979f889562) Importer(815301076,1909f56bfc062723c751e8b465ee728b)
Start importing Assets/XR/Loaders/Sample Loader.asset using Guid(99df902bc5ccf9a42b9c2f979f889562) Importer(815301076,1909f56bfc062723c751e8b465ee728b)  -> (artifact id: 'c80d7aa9c69ca1f65e04e5435c06b536') in 0.056581 seconds
  Import took 0.106017 seconds .

========================================================================
Received Import Request.
  Time since last request: 0.000316 seconds.
  path: Assets/XR/Settings/AR Core Settings.asset
  artifactKey: Guid(6643a2d5227c7294abc24faaa53df856) Importer(815301076,1909f56bfc062723c751e8b465ee728b)
Start importing Assets/XR/Settings/AR Core Settings.asset using Guid(6643a2d5227c7294abc24faaa53df856) Importer(815301076,1909f56bfc062723c751e8b465ee728b)  -> (artifact id: '3cc04f0cf7c316bd9e2c0de77675bce6') in 0.053175 seconds
  Import took 0.151795 seconds .

========================================================================
Received Prepare
Registering precompiled user dll's ...
Registered in 0.004441 seconds.
Begin MonoManager ReloadAssembly
Native extension for WindowsStandalone target not found
Refreshing native plugins compatible for Editor in 1.50 ms, found 0 plugins.
Preloading 0 native plugins for Editor in 0.00 ms.
Invoked RoslynAnalysisRunner static constructor.
RoslynAnalysisRunner will not be running.
RoslynAnalysisRunner has terminated.
Mono: successfully reloaded assembly
- Completed reload, in  3.154 seconds
Platform modules already initialized, skipping
Switching build target platform(5) subTarget(0) extendedPlatform(0) -> platform(13) subTarget(524288) extendedPlatform(0)
Shader 'Universal Render Pipeline/Particles/Lit': fallback shader 'Universal Render Pipeline/Particles/SimpleLit' not found
Refreshing native plugins compatible for Editor in 0.84 ms, found 0 plugins.
Preloading 0 native plugins for Editor in 0.00 ms.
Unloading 3134 Unused Serialized files (Serialized files now loaded: 0)
System memory in use before: 138.9 MB.
System memory in use after: 139.1 MB.

Unloading 8 unused Assets to reduce memory usage. Loaded Objects now: 3807.
Total: 6.101900 ms (FindLiveObjects: 0.922300 ms CreateObjectMapping: 0.466600 ms MarkObjects: 4.591800 ms  DeleteObjects: 0.118300 ms)

AssetImportParameters requested are different than current active one (requested -> active):
  custom:graphics/normal-map-encoding: 01000000000000000000000000000000 -> 02000000000000000000000000000000
========================================================================
Received Import Request.
  Time since last request: 672.287013 seconds.
  path: Assets/Scenes/001 Jenga/001_Jenga.unity
  artifactKey: Guid(fc4ed8c98ce1b724f955b4ff4d893038) Importer(815301076,1909f56bfc062723c751e8b465ee728b)
Start importing Assets/Scenes/001 Jenga/001_Jenga.unity using Guid(fc4ed8c98ce1b724f955b4ff4d893038) Importer(815301076,1909f56bfc062723c751e8b465ee728b)  -> (artifact id: 'dddc02d30b2e281d25f09f3e9de98e6a') in 0.056870 seconds
  Import took 0.173591 seconds .

========================================================================
Received Prepare
Registering precompiled user dll's ...
Registered in 0.002613 seconds.
Begin MonoManager ReloadAssembly
Native extension for WindowsStandalone target not found
Refreshing native plugins compatible for Editor in 0.79 ms, found 0 plugins.
Preloading 0 native plugins for Editor in 0.00 ms.
Invoked RoslynAnalysisRunner static constructor.
RoslynAnalysisRunner will not be running.
RoslynAnalysisRunner has terminated.
Mono: successfully reloaded assembly
- Completed reload, in  2.245 seconds
Platform modules already initialized, skipping
Switching build target platform(5) subTarget(0) extendedPlatform(0) -> platform(13) subTarget(524288) extendedPlatform(0)
Shader 'Universal Render Pipeline/Particles/Lit': fallback shader 'Universal Render Pipeline/Particles/SimpleLit' not found
Refreshing native plugins compatible for Editor in 3.34 ms, found 0 plugins.
Preloading 0 native plugins for Editor in 0.00 ms.
Unloading 3133 Unused Serialized files (Serialized files now loaded: 0)
System memory in use before: 138.9 MB.
System memory in use after: 139.1 MB.

Unloading 8 unused Assets to reduce memory usage. Loaded Objects now: 3813.
Total: 6.563800 ms (FindLiveObjects: 0.555300 ms CreateObjectMapping: 0.215900 ms MarkObjects: 5.674800 ms  DeleteObjects: 0.115500 ms)

AssetImportParameters requested are different than current active one (requested -> active):
  custom:graphics/normal-map-encoding: 01000000000000000000000000000000 -> 02000000000000000000000000000000
========================================================================
Received Import Request.
  Time since last request: 12.811310 seconds.
  path: Assets/Scenes/001 Jenga/000_MainMenu.unity
  artifactKey: Guid(db98498df347e15448cd7179ed16529e) Importer(815301076,1909f56bfc062723c751e8b465ee728b)
Start importing Assets/Scenes/001 Jenga/000_MainMenu.unity using Guid(db98498df347e15448cd7179ed16529e) Importer(815301076,1909f56bfc062723c751e8b465ee728b)  -> (artifact id: 'c2e7b10a10b628ee250157ab70735b34') in 0.035891 seconds
  Import took 0.103750 seconds .

========================================================================
Received Prepare
Registering precompiled user dll's ...
Registered in 0.004359 seconds.
Begin MonoManager ReloadAssembly
Native extension for WindowsStandalone target not found
Refreshing native plugins compatible for Editor in 1.61 ms, found 0 plugins.
Preloading 0 native plugins for Editor in 0.00 ms.
Invoked RoslynAnalysisRunner static constructor.
RoslynAnalysisRunner will not be running.
RoslynAnalysisRunner has terminated.
Mono: successfully reloaded assembly
- Completed reload, in  2.242 seconds
Platform modules already initialized, skipping
Switching build target platform(5) subTarget(0) extendedPlatform(0) -> platform(13) subTarget(524288) extendedPlatform(0)
Shader 'Universal Render Pipeline/Particles/Lit': fallback shader 'Universal Render Pipeline/Particles/SimpleLit' not found
Refreshing native plugins compatible for Editor in 0.80 ms, found 0 plugins.
Preloading 0 native plugins for Editor in 0.00 ms.
Unloading 3133 Unused Serialized files (Serialized files now loaded: 0)
System memory in use before: 139.0 MB.
System memory in use after: 139.2 MB.

Unloading 8 unused Assets to reduce memory usage. Loaded Objects now: 3819.
Total: 5.740600 ms (FindLiveObjects: 0.677300 ms CreateObjectMapping: 0.466900 ms MarkObjects: 4.471800 ms  DeleteObjects: 0.121700 ms)

AssetImportParameters requested are different than current active one (requested -> active):
  custom:graphics/normal-map-encoding: 01000000000000000000000000000000 -> 02000000000000000000000000000000
========================================================================
Received Import Request.
  Time since last request: 121.843510 seconds.
  path: Assets/Scenes/001 Jenga/001_Jenga.unity
  artifactKey: Guid(fc4ed8c98ce1b724f955b4ff4d893038) Importer(815301076,1909f56bfc062723c751e8b465ee728b)
Start importing Assets/Scenes/001 Jenga/001_Jenga.unity using Guid(fc4ed8c98ce1b724f955b4ff4d893038) Importer(815301076,1909f56bfc062723c751e8b465ee728b)  -> (artifact id: '2be888546b016e53fa394371d66c2ca5') in 0.058657 seconds
  Import took 0.228634 seconds .

========================================================================
Received Import Request.
  Time since last request: 29.624776 seconds.
  path: Assets/Scenes/001 Jenga/001_Jenga.unity
  artifactKey: Guid(fc4ed8c98ce1b724f955b4ff4d893038) Importer(815301076,1909f56bfc062723c751e8b465ee728b)
Start importing Assets/Scenes/001 Jenga/001_Jenga.unity using Guid(fc4ed8c98ce1b724f955b4ff4d893038) Importer(815301076,1909f56bfc062723c751e8b465ee728b)  -> (artifact id: 'e0c85577cf238fea16952db7cc7b8bdf') in 0.016980 seconds
  Import took 0.082713 seconds .

========================================================================
Received Import Request.
  Time since last request: 0.425331 seconds.
  path: Assets/Scenes/001 Jenga/000_MainMenu.unity
  artifactKey: Guid(db98498df347e15448cd7179ed16529e) Importer(815301076,1909f56bfc062723c751e8b465ee728b)
Start importing Assets/Scenes/001 Jenga/000_MainMenu.unity using Guid(db98498df347e15448cd7179ed16529e) Importer(815301076,1909f56bfc062723c751e8b465ee728b)  -> (artifact id: '0b48bc0d1a5d412d66b870ff6c67b956') in 0.024129 seconds
  Import took 0.152455 seconds .

========================================================================
Received Import Request.
  Time since last request: 11.206531 seconds.
  path: Assets/Scenes/001 Jenga/Prefabs/ScriptCenter.prefab
  artifactKey: Guid(bcdf5554a57201f4a9b48a765021aa25) Importer(815301076,1909f56bfc062723c751e8b465ee728b)
Start importing Assets/Scenes/001 Jenga/Prefabs/ScriptCenter.prefab using Guid(bcdf5554a57201f4a9b48a765021aa25) Importer(815301076,1909f56bfc062723c751e8b465ee728b)  -> (artifact id: 'ac00849dd357a3658f27010052341bb6') in 0.160726 seconds
  Import took 0.238666 seconds .

========================================================================
Received Prepare
Registering precompiled user dll's ...
Registered in 0.007686 seconds.
Begin MonoManager ReloadAssembly
Native extension for WindowsStandalone target not found
Refreshing native plugins compatible for Editor in 0.82 ms, found 0 plugins.
Preloading 0 native plugins for Editor in 0.00 ms.
Invoked RoslynAnalysisRunner static constructor.
RoslynAnalysisRunner will not be running.
RoslynAnalysisRunner has terminated.
Mono: successfully reloaded assembly
- Completed reload, in  2.448 seconds
Platform modules already initialized, skipping
Switching build target platform(5) subTarget(0) extendedPlatform(0) -> platform(13) subTarget(524288) extendedPlatform(0)
Shader 'Universal Render Pipeline/Particles/Lit': fallback shader 'Universal Render Pipeline/Particles/SimpleLit' not found
Refreshing native plugins compatible for Editor in 0.87 ms, found 0 plugins.
Preloading 0 native plugins for Editor in 0.00 ms.
Unloading 3133 Unused Serialized files (Serialized files now loaded: 0)
System memory in use before: 139.0 MB.
System memory in use after: 139.2 MB.

Unloading 8 unused Assets to reduce memory usage. Loaded Objects now: 3825.
Total: 4.801400 ms (FindLiveObjects: 0.589100 ms CreateObjectMapping: 0.240600 ms MarkObjects: 3.725700 ms  DeleteObjects: 0.242900 ms)

AssetImportParameters requested are different than current active one (requested -> active):
  custom:graphics/normal-map-encoding: 01000000000000000000000000000000 -> 02000000000000000000000000000000
========================================================================
Received Import Request.
  Time since last request: 74.445522 seconds.
  path: Assets/Scenes/001 Jenga/000_MainMenu.unity
  artifactKey: Guid(db98498df347e15448cd7179ed16529e) Importer(815301076,1909f56bfc062723c751e8b465ee728b)
Start importing Assets/Scenes/001 Jenga/000_MainMenu.unity using Guid(db98498df347e15448cd7179ed16529e) Importer(815301076,1909f56bfc062723c751e8b465ee728b)  -> (artifact id: '405e0a3fc100e65c6bba42e5e2b2e07b') in 0.051066 seconds
  Import took 0.082735 seconds .

========================================================================
Received Import Request.
  Time since last request: 46.224652 seconds.
  path: Assets/Scenes/001 Jenga/001_Jenga.unity
  artifactKey: Guid(fc4ed8c98ce1b724f955b4ff4d893038) Importer(815301076,1909f56bfc062723c751e8b465ee728b)
Start importing Assets/Scenes/001 Jenga/001_Jenga.unity using Guid(fc4ed8c98ce1b724f955b4ff4d893038) Importer(815301076,1909f56bfc062723c751e8b465ee728b)  -> (artifact id: 'd3844c02661561e18dbc48e68861674f') in 0.013177 seconds
  Import took 0.028681 seconds .

========================================================================
Received Import Request.
  Time since last request: 0.017634 seconds.
  path: Assets/Scenes/001 Jenga/001_Jenga.unity
  artifactKey: Guid(fc4ed8c98ce1b724f955b4ff4d893038) Importer(815301076,1909f56bfc062723c751e8b465ee728b)
Start importing Assets/Scenes/001 Jenga/001_Jenga.unity using Guid(fc4ed8c98ce1b724f955b4ff4d893038) Importer(815301076,1909f56bfc062723c751e8b465ee728b)  -> (artifact id: 'd3844c02661561e18dbc48e68861674f') in 0.015215 seconds
  Import took 0.033547 seconds .

========================================================================
Received Prepare
Registering precompiled user dll's ...
Registered in 0.005243 seconds.
Begin MonoManager ReloadAssembly
Native extension for WindowsStandalone target not found
Refreshing native plugins compatible for Editor in 0.94 ms, found 0 plugins.
Preloading 0 native plugins for Editor in 0.00 ms.
Invoked RoslynAnalysisRunner static constructor.
RoslynAnalysisRunner will not be running.
RoslynAnalysisRunner has terminated.
Mono: successfully reloaded assembly
- Completed reload, in  2.770 seconds
Platform modules already initialized, skipping
Switching build target platform(5) subTarget(0) extendedPlatform(0) -> platform(13) subTarget(524288) extendedPlatform(0)
Shader 'Universal Render Pipeline/Particles/Lit': fallback shader 'Universal Render Pipeline/Particles/SimpleLit' not found
Refreshing native plugins compatible for Editor in 1.09 ms, found 0 plugins.
Preloading 0 native plugins for Editor in 0.00 ms.
Unloading 3133 Unused Serialized files (Serialized files now loaded: 0)
System memory in use before: 139.0 MB.
System memory in use after: 139.2 MB.

Unloading 8 unused Assets to reduce memory usage. Loaded Objects now: 3831.
Total: 13.714000 ms (FindLiveObjects: 0.980500 ms CreateObjectMapping: 0.823400 ms MarkObjects: 11.740900 ms  DeleteObjects: 0.165800 ms)

AssetImportParameters requested are different than current active one (requested -> active):
  custom:graphics/normal-map-encoding: 01000000000000000000000000000000 -> 02000000000000000000000000000000
========================================================================
Received Prepare
Shader 'Universal Render Pipeline/Particles/Lit': fallback shader 'Universal Render Pipeline/Particles/SimpleLit' not found
Refreshing native plugins compatible for Editor in 2.74 ms, found 0 plugins.
Preloading 0 native plugins for Editor in 0.00 ms.
Unloading 5 Unused Serialized files (Serialized files now loaded: 0)
System memory in use before: 78.8 MB.
System memory in use after: 79.0 MB.

Unloading 4 unused Assets to reduce memory usage. Loaded Objects now: 3832.
Total: 6.029800 ms (FindLiveObjects: 0.804100 ms CreateObjectMapping: 0.367500 ms MarkObjects: 4.657100 ms  DeleteObjects: 0.198100 ms)

AssetImportWorkerClient::OnTransportError - code=2 error=End of file
