Using pre-set license
Built from '2020.3/release' branch; Version is '2020.3.2f1 (8fd9074bf66c) revision 9427207'; Using compiler version '192528614'; Build Type 'Release'
OS: 'Windows 10 Home Single Language; OS build 19042.867; Version 2009; 64bit' Language: 'en' Physical Memory: 8079 MB
BatchMode: 1, IsHumanControllingUs: 0, StartBugReporterOnCrash: 0, Is64bit: 1, IsPro: 0

 COMMAND LINE ARGUMENTS:
C:\Program Files\Unity\Hub\Editor\2020.3.2f1\Editor\Unity.exe
-adb2
-batchMode
-noUpm
-name
AssetImportWorker0
-projectPath
C:/Users/SAAD/Documents/Unity/Projects/AR-Samples/AR-Samples-v2
-logFile
Logs/AssetImportWorker0.log
-srvPort
65503
Successfully changed project path to: C:/Users/SAAD/Documents/Unity/Projects/AR-Samples/AR-Samples-v2
C:/Users/SAAD/Documents/Unity/Projects/AR-Samples/AR-Samples-v2
Using Asset Import Pipeline V2.
Refreshing native plugins compatible for Editor in 194.66 ms, found 0 plugins.
Preloading 0 native plugins for Editor in 0.00 ms.
Initialize engine version: 2020.3.2f1 (8fd9074bf66c)
[Subsystems] Discovering subsystems at path C:/Program Files/Unity/Hub/Editor/2020.3.2f1/Editor/Data/Resources/UnitySubsystems
[Subsystems] Discovering subsystems at path C:/Users/SAAD/Documents/Unity/Projects/AR-Samples/AR-Samples-v2/Assets
GfxDevice: creating device client; threaded=0
Direct3D:
    Version:  Direct3D 11.0 [level 11.1]
    Renderer: AMD Radeon (TM) HD 8500M/8700M (ID=0x6601)
    Vendor:   
    VRAM:     2028 MB
    Driver:   27.20.1034.6
Shader 'Universal Render Pipeline/Particles/Lit': fallback shader 'Universal Render Pipeline/Particles/SimpleLit' not found
Initialize mono
Mono path[0] = 'C:/Program Files/Unity/Hub/Editor/2020.3.2f1/Editor/Data/Managed'
Mono path[1] = 'C:/Program Files/Unity/Hub/Editor/2020.3.2f1/Editor/Data/MonoBleedingEdge/lib/mono/unityjit'
Mono config path = 'C:/Program Files/Unity/Hub/Editor/2020.3.2f1/Editor/Data/MonoBleedingEdge/etc'
Using monoOptions --debugger-agent=transport=dt_socket,embedding=1,server=y,suspend=n,address=127.0.0.1:56552
Begin MonoManager ReloadAssembly
Registering precompiled unity dll's ...
Register platform support module: C:/Program Files/Unity/Hub/Editor/2020.3.2f1/Editor/Data/PlaybackEngines/WindowsStandaloneSupport/UnityEditor.WindowsStandalone.Extensions.dll
Registered in 0.004759 seconds.
Native extension for WindowsStandalone target not found
Refreshing native plugins compatible for Editor in 138.06 ms, found 0 plugins.
Preloading 0 native plugins for Editor in 0.00 ms.
Invoked RoslynAnalysisRunner static constructor.
RoslynAnalysisRunner will not be running.
RoslynAnalysisRunner has terminated.
Mono: successfully reloaded assembly
- Completed reload, in  3.942 seconds
Platform modules already initialized, skipping
Registering precompiled user dll's ...
Registered in 0.003365 seconds.
Begin MonoManager ReloadAssembly
Native extension for WindowsStandalone target not found
Refreshing native plugins compatible for Editor in 118.04 ms, found 0 plugins.
Preloading 0 native plugins for Editor in 0.00 ms.
Invoked RoslynAnalysisRunner static constructor.
RoslynAnalysisRunner will not be running.
RoslynAnalysisRunner has terminated.
Mono: successfully reloaded assembly
- Completed reload, in  2.199 seconds
Platform modules already initialized, skipping
========================================================================
Worker process is ready to serve import requests
Shader 'Universal Render Pipeline/Particles/Lit': fallback shader 'Universal Render Pipeline/Particles/SimpleLit' not found
Launched and connected shader compiler UnityShaderCompiler.exe after 0.24 seconds
Refreshing native plugins compatible for Editor in 1.03 ms, found 0 plugins.
Preloading 0 native plugins for Editor in 0.00 ms.
Unloading 3260 Unused Serialized files (Serialized files now loaded: 0)
System memory in use before: 144.7 MB.
System memory in use after: 144.9 MB.

Unloading 15 unused Assets to reduce memory usage. Loaded Objects now: 3712.
Total: 5.192500 ms (FindLiveObjects: 0.680600 ms CreateObjectMapping: 0.315300 ms MarkObjects: 4.025300 ms  DeleteObjects: 0.168300 ms)

========================================================================
Received Import Request.
  path: Assets/Scenes/001 Jenga/Materials/blockUnlit.shader
  artifactKey: Guid(a7e30a61406964949b940add4455af1f) Importer(815301076,1909f56bfc062723c751e8b465ee728b)
Start importing Assets/Scenes/001 Jenga/Materials/blockUnlit.shader using Guid(a7e30a61406964949b940add4455af1f) Importer(815301076,1909f56bfc062723c751e8b465ee728b)  -> (artifact id: '2e349a12839bc51ae54753f62127ed9b') in 0.578449 seconds
  Import took 0.804380 seconds .

========================================================================
Received Import Request.
  Time since last request: 18.031933 seconds.
  path: Assets/Scenes/001 Jenga/Materials/blockUnlit.shader
  artifactKey: Guid(a7e30a61406964949b940add4455af1f) Importer(815301076,1909f56bfc062723c751e8b465ee728b)
Start importing Assets/Scenes/001 Jenga/Materials/blockUnlit.shader using Guid(a7e30a61406964949b940add4455af1f) Importer(815301076,1909f56bfc062723c751e8b465ee728b)  -> (artifact id: '2e349a12839bc51ae54753f62127ed9b') in 0.013688 seconds
  Import took 0.025046 seconds .

========================================================================
Received Import Request.
  Time since last request: 389.795963 seconds.
  path: Assets/Scenes/001 Jenga/Scripts/BlockVariation.cs
  artifactKey: Guid(9e16960946d2714468473dbf81dd6735) Importer(815301076,1909f56bfc062723c751e8b465ee728b)
Start importing Assets/Scenes/001 Jenga/Scripts/BlockVariation.cs using Guid(9e16960946d2714468473dbf81dd6735) Importer(815301076,1909f56bfc062723c751e8b465ee728b)  -> (artifact id: '2aa51a2e3e3170ff8bd19f11f151c21d') in 0.158969 seconds
  Import took 0.295469 seconds .

========================================================================
Received Prepare
Registering precompiled user dll's ...
Registered in 0.002844 seconds.
Begin MonoManager ReloadAssembly
Native extension for WindowsStandalone target not found
Refreshing native plugins compatible for Editor in 1.11 ms, found 0 plugins.
Preloading 0 native plugins for Editor in 0.00 ms.
Invoked RoslynAnalysisRunner static constructor.
RoslynAnalysisRunner will not be running.
RoslynAnalysisRunner has terminated.
Mono: successfully reloaded assembly
- Completed reload, in  2.339 seconds
Platform modules already initialized, skipping
Switching build target platform(5) subTarget(0) extendedPlatform(0) -> platform(13) subTarget(524288) extendedPlatform(0)
Shader 'Universal Render Pipeline/Particles/Lit': fallback shader 'Universal Render Pipeline/Particles/SimpleLit' not found
Refreshing native plugins compatible for Editor in 0.86 ms, found 0 plugins.
Preloading 0 native plugins for Editor in 0.00 ms.
Unloading 3135 Unused Serialized files (Serialized files now loaded: 0)
System memory in use before: 134.3 MB.
System memory in use after: 134.5 MB.

Unloading 8 unused Assets to reduce memory usage. Loaded Objects now: 3719.
Total: 4.538700 ms (FindLiveObjects: 0.590900 ms CreateObjectMapping: 0.214400 ms MarkObjects: 3.619500 ms  DeleteObjects: 0.108700 ms)

AssetImportParameters requested are different than current active one (requested -> active):
  custom:graphics/normal-map-encoding: 01000000000000000000000000000000 -> 02000000000000000000000000000000
========================================================================
Received Prepare
Registering precompiled user dll's ...
Registered in 0.004545 seconds.
Begin MonoManager ReloadAssembly
Native extension for WindowsStandalone target not found
Refreshing native plugins compatible for Editor in 0.88 ms, found 0 plugins.
Preloading 0 native plugins for Editor in 0.00 ms.
Invoked RoslynAnalysisRunner static constructor.
RoslynAnalysisRunner will not be running.
RoslynAnalysisRunner has terminated.
Mono: successfully reloaded assembly
- Completed reload, in  2.319 seconds
Platform modules already initialized, skipping
Switching build target platform(5) subTarget(0) extendedPlatform(0) -> platform(13) subTarget(524288) extendedPlatform(0)
Shader 'Universal Render Pipeline/Particles/Lit': fallback shader 'Universal Render Pipeline/Particles/SimpleLit' not found
Refreshing native plugins compatible for Editor in 0.84 ms, found 0 plugins.
Preloading 0 native plugins for Editor in 0.00 ms.
Unloading 3135 Unused Serialized files (Serialized files now loaded: 0)
System memory in use before: 134.3 MB.
System memory in use after: 134.5 MB.

Unloading 8 unused Assets to reduce memory usage. Loaded Objects now: 3725.
Total: 4.801700 ms (FindLiveObjects: 0.472800 ms CreateObjectMapping: 0.250900 ms MarkObjects: 3.953300 ms  DeleteObjects: 0.122300 ms)

AssetImportParameters requested are different than current active one (requested -> active):
  custom:graphics/normal-map-encoding: 01000000000000000000000000000000 -> 02000000000000000000000000000000
========================================================================
Received Import Request.
  Time since last request: 2624.843096 seconds.
  path: Assets/Scenes/001 Jenga/Scripts/BlockVariation.cs
  artifactKey: Guid(9e16960946d2714468473dbf81dd6735) Importer(815301076,1909f56bfc062723c751e8b465ee728b)
Start importing Assets/Scenes/001 Jenga/Scripts/BlockVariation.cs using Guid(9e16960946d2714468473dbf81dd6735) Importer(815301076,1909f56bfc062723c751e8b465ee728b)  -> (artifact id: '2fd700ed6063c2d7022e2dcd1d76b5c2') in 0.014541 seconds
  Import took 0.109875 seconds .

========================================================================
Received Import Request.
  Time since last request: 504.667959 seconds.
  path: Assets/Scenes/001 Jenga/Materials/customFunc.hlsl
  artifactKey: Guid(ebdc4b7bbdd30044688cd2da52227408) Importer(815301076,1909f56bfc062723c751e8b465ee728b)
Start importing Assets/Scenes/001 Jenga/Materials/customFunc.hlsl using Guid(ebdc4b7bbdd30044688cd2da52227408) Importer(815301076,1909f56bfc062723c751e8b465ee728b)  -> (artifact id: 'bcb965adda2c1b0b208f49ab4bdca9f8') in 0.101833 seconds
  Import took 0.131041 seconds .

========================================================================
Received Import Request.
  Time since last request: 19855.909585 seconds.
  path: Assets/Scenes/001 Jenga/Materials/Grayscale.hlsl
  artifactKey: Guid(014a472f68eaca847b4526b93486a265) Importer(815301076,1909f56bfc062723c751e8b465ee728b)
Start importing Assets/Scenes/001 Jenga/Materials/Grayscale.hlsl using Guid(014a472f68eaca847b4526b93486a265) Importer(815301076,1909f56bfc062723c751e8b465ee728b)  -> (artifact id: 'f87b101bb263eb1dc29b8c087d319386') in 0.037275 seconds
  Import took 0.200104 seconds .

========================================================================
Received Import Request.
  Time since last request: 1300.999009 seconds.
  path: Assets/Scenes/001 Jenga/Materials/Gra.shadergraph
  artifactKey: Guid(9a0b9ab9e31e3b143acdf5aae550efbe) Importer(815301076,1909f56bfc062723c751e8b465ee728b)
Start importing Assets/Scenes/001 Jenga/Materials/Gra.shadergraph using Guid(9a0b9ab9e31e3b143acdf5aae550efbe) Importer(815301076,1909f56bfc062723c751e8b465ee728b)  -> (artifact id: 'defeca6cfd8a0efa1d18681ec9f9f3d7') in 0.122924 seconds
  Import took 0.254167 seconds .

========================================================================
Received Import Request.
  Time since last request: 0.040089 seconds.
  path: Assets/Scenes/001 Jenga/Materials/Gra.shadergraph
  artifactKey: Guid(9a0b9ab9e31e3b143acdf5aae550efbe) Importer(815301076,1909f56bfc062723c751e8b465ee728b)
Start importing Assets/Scenes/001 Jenga/Materials/Gra.shadergraph using Guid(9a0b9ab9e31e3b143acdf5aae550efbe) Importer(815301076,1909f56bfc062723c751e8b465ee728b)  -> (artifact id: 'defeca6cfd8a0efa1d18681ec9f9f3d7') in 0.016463 seconds
  Import took 0.030013 seconds .

========================================================================
Received Import Request.
  Time since last request: 26.307755 seconds.
  path: Assets/Scenes/001 Jenga/Materials/GrayscaleGraph.shadergraph
  artifactKey: Guid(9a0b9ab9e31e3b143acdf5aae550efbe) Importer(815301076,1909f56bfc062723c751e8b465ee728b)
Start importing Assets/Scenes/001 Jenga/Materials/GrayscaleGraph.shadergraph using Guid(9a0b9ab9e31e3b143acdf5aae550efbe) Importer(815301076,1909f56bfc062723c751e8b465ee728b)  -> (artifact id: '519ba873249ed00883979c4d94a63b97') in 0.036075 seconds
  Import took 0.064695 seconds .

========================================================================
Received Prepare
Registering precompiled user dll's ...
Registered in 0.003020 seconds.
Begin MonoManager ReloadAssembly
Native extension for WindowsStandalone target not found
Refreshing native plugins compatible for Editor in 0.96 ms, found 0 plugins.
Preloading 0 native plugins for Editor in 0.00 ms.
Invoked RoslynAnalysisRunner static constructor.
RoslynAnalysisRunner will not be running.
RoslynAnalysisRunner has terminated.
Mono: successfully reloaded assembly
- Completed reload, in 14.079 seconds
Platform modules already initialized, skipping
Switching build target platform(5) subTarget(0) extendedPlatform(0) -> platform(13) subTarget(524288) extendedPlatform(0)
Shader 'Universal Render Pipeline/Particles/Lit': fallback shader 'Universal Render Pipeline/Particles/SimpleLit' not found
Refreshing native plugins compatible for Editor in 1.06 ms, found 0 plugins.
Preloading 0 native plugins for Editor in 0.00 ms.
Unloading 3135 Unused Serialized files (Serialized files now loaded: 0)
System memory in use before: 134.4 MB.
System memory in use after: 134.6 MB.

Unloading 8 unused Assets to reduce memory usage. Loaded Objects now: 3731.
Total: 4.788200 ms (FindLiveObjects: 0.664300 ms CreateObjectMapping: 0.265800 ms MarkObjects: 3.712200 ms  DeleteObjects: 0.141500 ms)

AssetImportParameters requested are different than current active one (requested -> active):
  custom:graphics/normal-map-encoding: 01000000000000000000000000000000 -> 02000000000000000000000000000000
========================================================================
Received Prepare
Registering precompiled user dll's ...
Registered in 0.002964 seconds.
Begin MonoManager ReloadAssembly
Native extension for WindowsStandalone target not found
Refreshing native plugins compatible for Editor in 0.88 ms, found 0 plugins.
Preloading 0 native plugins for Editor in 0.00 ms.
Invoked RoslynAnalysisRunner static constructor.
RoslynAnalysisRunner will not be running.
RoslynAnalysisRunner has terminated.
Mono: successfully reloaded assembly
- Completed reload, in  2.422 seconds
Platform modules already initialized, skipping
Switching build target platform(5) subTarget(0) extendedPlatform(0) -> platform(13) subTarget(524288) extendedPlatform(0)
Shader 'Universal Render Pipeline/Particles/Lit': fallback shader 'Universal Render Pipeline/Particles/SimpleLit' not found
Refreshing native plugins compatible for Editor in 0.84 ms, found 0 plugins.
Preloading 0 native plugins for Editor in 0.00 ms.
Unloading 3135 Unused Serialized files (Serialized files now loaded: 0)
System memory in use before: 134.4 MB.
System memory in use after: 134.6 MB.

Unloading 8 unused Assets to reduce memory usage. Loaded Objects now: 3737.
Total: 4.109600 ms (FindLiveObjects: 0.443000 ms CreateObjectMapping: 0.198600 ms MarkObjects: 3.355100 ms  DeleteObjects: 0.110400 ms)

AssetImportParameters requested are different than current active one (requested -> active):
  custom:graphics/normal-map-encoding: 01000000000000000000000000000000 -> 02000000000000000000000000000000
