Using pre-set license
Built from '2020.3/release' branch; Version is '2020.3.2f1 (8fd9074bf66c) revision 9427207'; Using compiler version '192528614'; Build Type 'Release'
OS: 'Windows 10 Home Single Language; OS build 19042.867; Version 2009; 64bit' Language: 'en' Physical Memory: 8079 MB
BatchMode: 1, IsHumanControllingUs: 0, StartBugReporterOnCrash: 0, Is64bit: 1, IsPro: 0

 COMMAND LINE ARGUMENTS:
C:\Program Files\Unity\Hub\Editor\2020.3.2f1\Editor\Unity.exe
-adb2
-batchMode
-noUpm
-name
AssetImportWorker14
-projectPath
C:/Users/SAAD/Documents/Unity/Projects/AR-Samples/AR-Samples-v2
-logFile
Logs/AssetImportWorker14.log
-srvPort
55748
Successfully changed project path to: C:/Users/SAAD/Documents/Unity/Projects/AR-Samples/AR-Samples-v2
C:/Users/SAAD/Documents/Unity/Projects/AR-Samples/AR-Samples-v2
Using Asset Import Pipeline V2.
Refreshing native plugins compatible for Editor in 150.99 ms, found 0 plugins.
Preloading 0 native plugins for Editor in 0.00 ms.
Initialize engine version: 2020.3.2f1 (8fd9074bf66c)
[Subsystems] Discovering subsystems at path C:/Program Files/Unity/Hub/Editor/2020.3.2f1/Editor/Data/Resources/UnitySubsystems
[Subsystems] Discovering subsystems at path C:/Users/SAAD/Documents/Unity/Projects/AR-Samples/AR-Samples-v2/Assets
GfxDevice: creating device client; threaded=0
Direct3D:
    Version:  Direct3D 11.0 [level 11.1]
    Renderer: AMD Radeon (TM) HD 8500M/8700M (ID=0x6601)
    Vendor:   
    VRAM:     2028 MB
    Driver:   27.20.1034.6
Shader 'Universal Render Pipeline/Particles/Lit': fallback shader 'Universal Render Pipeline/Particles/SimpleLit' not found
Initialize mono
Mono path[0] = 'C:/Program Files/Unity/Hub/Editor/2020.3.2f1/Editor/Data/Managed'
Mono path[1] = 'C:/Program Files/Unity/Hub/Editor/2020.3.2f1/Editor/Data/MonoBleedingEdge/lib/mono/unityjit'
Mono config path = 'C:/Program Files/Unity/Hub/Editor/2020.3.2f1/Editor/Data/MonoBleedingEdge/etc'
Using monoOptions --debugger-agent=transport=dt_socket,embedding=1,server=y,suspend=n,address=127.0.0.1:56436
Begin MonoManager ReloadAssembly
Registering precompiled unity dll's ...
Register platform support module: C:/Program Files/Unity/Hub/Editor/2020.3.2f1/Editor/Data/PlaybackEngines/WindowsStandaloneSupport/UnityEditor.WindowsStandalone.Extensions.dll
Registered in 0.012365 seconds.
Native extension for WindowsStandalone target not found
Refreshing native plugins compatible for Editor in 148.43 ms, found 0 plugins.
Preloading 0 native plugins for Editor in 0.00 ms.
Invoked RoslynAnalysisRunner static constructor.
RoslynAnalysisRunner will not be running.
RoslynAnalysisRunner has terminated.
Mono: successfully reloaded assembly
- Completed reload, in  4.794 seconds
Platform modules already initialized, skipping
Registering precompiled user dll's ...
Registered in 0.005871 seconds.
Begin MonoManager ReloadAssembly
Native extension for WindowsStandalone target not found
Refreshing native plugins compatible for Editor in 159.27 ms, found 0 plugins.
Preloading 0 native plugins for Editor in 0.00 ms.
Invoked RoslynAnalysisRunner static constructor.
RoslynAnalysisRunner will not be running.
RoslynAnalysisRunner has terminated.
Mono: successfully reloaded assembly
- Completed reload, in  7.427 seconds
Platform modules already initialized, skipping
========================================================================
Worker process is ready to serve import requests
Shader 'Universal Render Pipeline/Particles/Lit': fallback shader 'Universal Render Pipeline/Particles/SimpleLit' not found
Launched and connected shader compiler UnityShaderCompiler.exe after 1.32 seconds
Refreshing native plugins compatible for Editor in 0.95 ms, found 0 plugins.
Preloading 0 native plugins for Editor in 0.00 ms.
Unloading 3255 Unused Serialized files (Serialized files now loaded: 0)
System memory in use before: 142.9 MB.
System memory in use after: 143.1 MB.

Unloading 15 unused Assets to reduce memory usage. Loaded Objects now: 3705.
Total: 6.640600 ms (FindLiveObjects: 0.601300 ms CreateObjectMapping: 0.434400 ms MarkObjects: 5.404200 ms  DeleteObjects: 0.197500 ms)

========================================================================
Received Import Request.
  path: Assets/Scenes/001 Jenga/000_MainMenu.unity
  artifactKey: Guid(db98498df347e15448cd7179ed16529e) Importer(815301076,1909f56bfc062723c751e8b465ee728b)
Start importing Assets/Scenes/001 Jenga/000_MainMenu.unity using Guid(db98498df347e15448cd7179ed16529e) Importer(815301076,1909f56bfc062723c751e8b465ee728b)  -> (artifact id: '7303902253617dd2f1cdfa968e797ee0') in 0.130376 seconds
  Import took 0.180681 seconds .

========================================================================
Received Import Request.
  Time since last request: 5749.313664 seconds.
  path: Assets/Scenes/001 Jenga/Scripts/MainManager.cs
  artifactKey: Guid(db280cf33ad85894ab7ff24b975d737c) Importer(815301076,1909f56bfc062723c751e8b465ee728b)
Start importing Assets/Scenes/001 Jenga/Scripts/MainManager.cs using Guid(db280cf33ad85894ab7ff24b975d737c) Importer(815301076,1909f56bfc062723c751e8b465ee728b)  -> (artifact id: 'a28f28db50b3b8d50cd77fbef8a786bb') in 10.514249 seconds
  Import took 11.398494 seconds .

========================================================================
Received Prepare
Registering precompiled user dll's ...
Registered in 0.219227 seconds.
Begin MonoManager ReloadAssembly
Native extension for WindowsStandalone target not found
Refreshing native plugins compatible for Editor in 1.00 ms, found 0 plugins.
Preloading 0 native plugins for Editor in 0.00 ms.
Invoked RoslynAnalysisRunner static constructor.
RoslynAnalysisRunner will not be running.
RoslynAnalysisRunner has terminated.
Mono: successfully reloaded assembly
- Completed reload, in 20.135 seconds
Platform modules already initialized, skipping
Switching build target platform(5) subTarget(0) extendedPlatform(0) -> platform(13) subTarget(524288) extendedPlatform(0)
Shader 'Universal Render Pipeline/Particles/Lit': fallback shader 'Universal Render Pipeline/Particles/SimpleLit' not found
Refreshing native plugins compatible for Editor in 0.91 ms, found 0 plugins.
Preloading 0 native plugins for Editor in 0.00 ms.
Unloading 3133 Unused Serialized files (Serialized files now loaded: 0)
System memory in use before: 133.0 MB.
System memory in use after: 133.2 MB.

Unloading 8 unused Assets to reduce memory usage. Loaded Objects now: 3712.
Total: 6.024700 ms (FindLiveObjects: 0.562700 ms CreateObjectMapping: 0.408300 ms MarkObjects: 4.921500 ms  DeleteObjects: 0.129200 ms)

AssetImportParameters requested are different than current active one (requested -> active):
  custom:graphics/normal-map-encoding: 01000000000000000000000000000000 -> 02000000000000000000000000000000
AssetImportWorkerClient::OnTransportError - code=2 error=End of file
